TN:
SF:/Users/luong.mai/MWD-WORK/TRAINING/ANGULAR_8_TRAINING/Source/mwd-swatang-fe/src/polyfills.ts
FNF:0
FNH:0
LF:0
LH:0
BRF:0
BRH:0
end_of_record
TN:
SF:/Users/luong.mai/MWD-WORK/TRAINING/ANGULAR_8_TRAINING/Source/mwd-swatang-fe/src/setupTestBed.ts
FN:10,(anonymous_1)
FN:14,(anonymous_2)
FN:16,(anonymous_3)
FN:19,(anonymous_4)
FN:20,(anonymous_5)
FN:24,(anonymous_6)
FNF:6
FNH:6
FNDA:1,(anonymous_1)
FNDA:1,(anonymous_2)
FNDA:2,(anonymous_3)
FNDA:2,(anonymous_4)
FNDA:3,(anonymous_5)
FNDA:1,(anonymous_6)
DA:10,1
DA:11,1
DA:12,1
DA:14,1
DA:15,1
DA:16,2
DA:19,1
DA:20,3
DA:21,2
DA:24,1
DA:25,1
DA:26,1
LF:12
LH:12
BRF:0
BRH:0
end_of_record
TN:
SF:/Users/luong.mai/MWD-WORK/TRAINING/ANGULAR_8_TRAINING/Source/mwd-swatang-fe/src/test.ts
FNF:0
FNH:0
DA:14,1
DA:16,1
DA:18,1
LF:3
LH:3
BRF:0
BRH:0
end_of_record
TN:
SF:/Users/luong.mai/MWD-WORK/TRAINING/ANGULAR_8_TRAINING/Source/mwd-swatang-fe/src/app/app.component.ts
FN:15,(anonymous_3)
FN:16,(anonymous_4)
FN:21,(anonymous_5)
FN:26,(anonymous_6)
FN:30,(anonymous_7)
FNF:5
FNH:3
FNDA:2,(anonymous_3)
FNDA:2,(anonymous_4)
FNDA:1,(anonymous_5)
FNDA:0,(anonymous_6)
FNDA:0,(anonymous_7)
DA:12,1
DA:15,2
DA:16,2
DA:19,1
DA:22,1
DA:23,1
DA:27,0
DA:31,0
DA:32,0
DA:33,0
DA:34,0
DA:36,0
DA:38,0
LF:13
LH:6
BRDA:31,0,0,0
BRDA:31,0,1,0
BRDA:33,1,0,0
BRDA:33,1,1,0
BRF:4
BRH:0
end_of_record
TN:
SF:/Users/luong.mai/MWD-WORK/TRAINING/ANGULAR_8_TRAINING/Source/mwd-swatang-fe/src/app/safe.pipe.ts
FN:8,(anonymous_3)
FN:9,(anonymous_4)
FNF:2
FNH:0
FNDA:0,(anonymous_3)
FNDA:0,(anonymous_4)
DA:7,1
DA:8,0
DA:10,0
LF:3
LH:1
BRF:0
BRH:0
end_of_record
TN:
SF:/Users/luong.mai/MWD-WORK/TRAINING/ANGULAR_8_TRAINING/Source/mwd-swatang-fe/src/app/core/core.module.ts
FN:17,(anonymous_5)
FNF:1
FNH:0
FNDA:0,(anonymous_5)
DA:16,1
DA:18,0
LF:2
LH:1
BRF:0
BRH:0
end_of_record
TN:
SF:/Users/luong.mai/MWD-WORK/TRAINING/ANGULAR_8_TRAINING/Source/mwd-swatang-fe/src/app/core/index.ts
FNF:0
FNH:0
LF:0
LH:0
BRF:0
BRH:0
end_of_record
TN:
SF:/Users/luong.mai/MWD-WORK/TRAINING/ANGULAR_8_TRAINING/Source/mwd-swatang-fe/src/app/core/material.module.ts
FNF:0
FNH:0
DA:125,1
LF:1
LH:1
BRF:0
BRH:0
end_of_record
TN:
SF:/Users/luong.mai/MWD-WORK/TRAINING/ANGULAR_8_TRAINING/Source/mwd-swatang-fe/src/app/core/config/app-config.ts
FNF:0
FNH:0
DA:1,1
LF:1
LH:1
BRF:0
BRH:0
end_of_record
TN:
SF:/Users/luong.mai/MWD-WORK/TRAINING/ANGULAR_8_TRAINING/Source/mwd-swatang-fe/src/app/core/config/index.ts
FNF:0
FNH:0
LF:0
LH:0
BRF:0
BRH:0
end_of_record
TN:
SF:/Users/luong.mai/MWD-WORK/TRAINING/ANGULAR_8_TRAINING/Source/mwd-swatang-fe/src/app/core/guards/auth.guard.ts
FN:13,(anonymous_3)
FN:18,(anonymous_4)
FNF:2
FNH:0
FNDA:0,(anonymous_3)
FNDA:0,(anonymous_4)
DA:12,1
DA:14,0
DA:15,0
DA:19,0
DA:20,0
DA:22,0
DA:26,0
DA:29,0
LF:8
LH:1
BRDA:20,0,0,0
BRDA:20,0,1,0
BRF:2
BRH:0
end_of_record
TN:
SF:/Users/luong.mai/MWD-WORK/TRAINING/ANGULAR_8_TRAINING/Source/mwd-swatang-fe/src/app/core/guards/index.ts
FNF:0
FNH:0
LF:0
LH:0
BRF:0
BRH:0
end_of_record
TN:
SF:/Users/luong.mai/MWD-WORK/TRAINING/ANGULAR_8_TRAINING/Source/mwd-swatang-fe/src/app/core/guards/module-import.guard.ts
FN:1,throwIfAlreadyLoaded
FNF:1
FNH:0
FNDA:0,throwIfAlreadyLoaded
DA:2,0
DA:3,0
LF:2
LH:0
BRDA:2,0,0,0
BRDA:2,0,1,0
BRF:2
BRH:0
end_of_record
TN:
SF:/Users/luong.mai/MWD-WORK/TRAINING/ANGULAR_8_TRAINING/Source/mwd-swatang-fe/src/app/core/interceptors/error.interceptor.ts
FN:16,(anonymous_3)
FN:22,(anonymous_4)
FN:27,(anonymous_5)
FNF:3
FNH:0
FNDA:0,(anonymous_3)
FNDA:0,(anonymous_4)
FNDA:0,(anonymous_5)
DA:15,1
DA:17,0
DA:18,0
DA:19,0
DA:26,0
DA:28,0
DA:30,0
DA:31,0
DA:32,0
DA:34,0
DA:35,0
DA:36,0
DA:37,0
DA:38,0
DA:42,0
DA:43,0
LF:16
LH:1
BRDA:28,0,0,0
BRDA:28,0,1,0
BRDA:32,1,0,0
BRDA:32,1,1,0
BRDA:37,2,0,0
BRDA:37,2,1,0
BRDA:42,3,0,0
BRDA:42,3,1,0
BRF:8
BRH:0
end_of_record
TN:
SF:/Users/luong.mai/MWD-WORK/TRAINING/ANGULAR_8_TRAINING/Source/mwd-swatang-fe/src/app/core/interceptors/index.ts
FNF:0
FNH:0
LF:0
LH:0
BRF:0
BRH:0
end_of_record
TN:
SF:/Users/luong.mai/MWD-WORK/TRAINING/ANGULAR_8_TRAINING/Source/mwd-swatang-fe/src/app/core/interceptors/jwt.interceptor.ts
FN:14,(anonymous_3)
FN:16,(anonymous_4)
FNF:2
FNH:0
FNDA:0,(anonymous_3)
FNDA:0,(anonymous_4)
DA:13,1
DA:14,0
DA:21,0
DA:22,0
DA:23,0
DA:30,0
LF:6
LH:1
BRDA:22,0,0,0
BRDA:22,0,1,0
BRDA:22,1,0,0
BRDA:22,1,1,0
BRF:4
BRH:0
end_of_record
TN:
SF:/Users/luong.mai/MWD-WORK/TRAINING/ANGULAR_8_TRAINING/Source/mwd-swatang-fe/src/app/core/models/index.ts
FNF:0
FNH:0
LF:0
LH:0
BRF:0
BRH:0
end_of_record
TN:
SF:/Users/luong.mai/MWD-WORK/TRAINING/ANGULAR_8_TRAINING/Source/mwd-swatang-fe/src/app/core/models/user.ts
FN:3,(anonymous_3)
FNF:1
FNH:0
FNDA:0,(anonymous_3)
DA:5,1
DA:8,1
DA:11,1
DA:14,1
DA:17,1
DA:20,1
DA:23,1
DA:26,1
DA:29,1
DA:32,1
LF:10
LH:10
BRF:0
BRH:0
end_of_record
TN:
SF:/Users/luong.mai/MWD-WORK/TRAINING/ANGULAR_8_TRAINING/Source/mwd-swatang-fe/src/app/core/models/testing/test-users.ts
FN:4,getTestUsers
FNF:1
FNH:1
FNDA:2,getTestUsers
DA:5,2
LF:1
LH:1
BRF:0
BRH:0
end_of_record
TN:
SF:/Users/luong.mai/MWD-WORK/TRAINING/ANGULAR_8_TRAINING/Source/mwd-swatang-fe/src/app/core/services/index.ts
FNF:0
FNH:0
LF:0
LH:0
BRF:0
BRH:0
end_of_record
TN:
SF:/Users/luong.mai/MWD-WORK/TRAINING/ANGULAR_8_TRAINING/Source/mwd-swatang-fe/src/app/core/services/alert/alert.service.ts
FN:10,(anonymous_3)
FN:12,(anonymous_4)
FN:25,(anonymous_5)
FN:30,(anonymous_6)
FN:35,(anonymous_7)
FNF:5
FNH:3
FNDA:2,(anonymous_3)
FNDA:16,(anonymous_4)
FNDA:0,(anonymous_5)
FNDA:0,(anonymous_6)
FNDA:2,(anonymous_7)
DA:6,1
DA:7,2
DA:8,2
DA:10,2
DA:12,2
DA:13,16
DA:14,2
DA:16,0
DA:19,2
DA:26,0
DA:27,0
DA:31,0
DA:32,0
DA:36,2
LF:14
LH:9
BRDA:13,0,0,2
BRDA:13,0,1,14
BRDA:14,1,0,0
BRDA:14,1,1,2
BRDA:25,2,0,0
BRDA:30,3,0,0
BRF:6
BRH:3
end_of_record
TN:
SF:/Users/luong.mai/MWD-WORK/TRAINING/ANGULAR_8_TRAINING/Source/mwd-swatang-fe/src/app/core/services/api/api.service.ts
FN:16,(anonymous_3)
FN:18,(anonymous_4)
FN:25,(anonymous_5)
FN:33,(anonymous_6)
FN:41,(anonymous_7)
FNF:5
FNH:0
FNDA:0,(anonymous_3)
FNDA:0,(anonymous_4)
FNDA:0,(anonymous_5)
FNDA:0,(anonymous_6)
FNDA:0,(anonymous_7)
DA:6,1
DA:11,1
DA:12,0
DA:16,0
DA:22,0
DA:26,0
DA:34,0
DA:42,0
LF:8
LH:2
BRDA:20,0,0,0
BRDA:25,1,0,0
BRDA:33,2,0,0
BRDA:41,3,0,0
BRF:4
BRH:0
end_of_record
TN:
SF:/Users/luong.mai/MWD-WORK/TRAINING/ANGULAR_8_TRAINING/Source/mwd-swatang-fe/src/app/core/services/authentication/authentication.service.ts
FN:20,(anonymous_3)
FN:28,(anonymous_4)
FN:32,(anonymous_5)
FN:34,(anonymous_6)
FN:48,(anonymous_7)
FN:54,(anonymous_8)
FN:59,(anonymous_9)
FNF:7
FNH:1
FNDA:2,(anonymous_3)
FNDA:0,(anonymous_4)
FNDA:0,(anonymous_5)
FNDA:0,(anonymous_6)
FNDA:0,(anonymous_7)
FNDA:0,(anonymous_8)
FNDA:0,(anonymous_9)
DA:9,1
DA:15,1
DA:20,2
DA:21,2
DA:22,2
DA:25,2
DA:29,0
DA:33,0
DA:36,0
DA:38,0
DA:39,0
DA:40,0
DA:43,0
DA:49,0
DA:51,0
DA:55,0
DA:56,0
DA:60,0
LF:18
LH:6
BRDA:36,0,0,0
BRDA:36,0,1,0
BRDA:36,1,0,0
BRDA:36,1,1,0
BRF:4
BRH:0
end_of_record
TN:
SF:/Users/luong.mai/MWD-WORK/TRAINING/ANGULAR_8_TRAINING/Source/mwd-swatang-fe/src/app/core/services/testing/test-authentication.service.ts
FN:13,(anonymous_3)
FN:21,(anonymous_4)
FN:24,(anonymous_5)
FNF:3
FNH:3
FNDA:2,(anonymous_3)
FNDA:3,(anonymous_4)
FNDA:1,(anonymous_5)
DA:9,1
DA:14,2
DA:15,2
DA:16,2
DA:22,3
DA:25,1
LF:6
LH:6
BRF:0
BRH:0
end_of_record
TN:
SF:/Users/luong.mai/MWD-WORK/TRAINING/ANGULAR_8_TRAINING/Source/mwd-swatang-fe/src/app/core/services/user/user.service.ts
FN:11,(anonymous_3)
FN:13,(anonymous_4)
FN:14,(anonymous_5)
FN:15,(anonymous_6)
FN:25,(anonymous_7)
FN:32,(anonymous_8)
FN:34,(anonymous_9)
FN:40,(anonymous_10)
FN:42,(anonymous_11)
FN:48,(anonymous_12)
FN:50,(anonymous_13)
FN:56,(anonymous_14)
FN:60,(anonymous_15)
FN:64,(anonymous_16)
FN:73,(anonymous_17)
FNF:15
FNH:0
FNDA:0,(anonymous_3)
FNDA:0,(anonymous_4)
FNDA:0,(anonymous_5)
FNDA:0,(anonymous_6)
FNDA:0,(anonymous_7)
FNDA:0,(anonymous_8)
FNDA:0,(anonymous_9)
FNDA:0,(anonymous_10)
FNDA:0,(anonymous_11)
FNDA:0,(anonymous_12)
FNDA:0,(anonymous_13)
FNDA:0,(anonymous_14)
FNDA:0,(anonymous_15)
FNDA:0,(anonymous_16)
FNDA:0,(anonymous_17)
DA:9,1
DA:11,0
DA:13,0
DA:14,0
DA:16,0
DA:23,1
DA:26,0
DA:27,0
DA:29,0
DA:33,0
DA:35,0
DA:41,0
DA:43,0
DA:49,0
DA:51,0
DA:57,0
DA:61,0
DA:65,0
DA:66,0
DA:70,0
DA:74,0
DA:75,0
DA:76,0
DA:77,0
DA:81,0
DA:85,0
DA:89,0
DA:93,0
DA:97,0
DA:101,0
DA:106,0
DA:107,0
LF:32
LH:2
BRDA:75,0,0,0
BRDA:75,0,1,0
BRDA:75,1,0,0
BRDA:75,1,1,0
BRDA:79,2,0,0
BRDA:79,2,1,0
BRDA:78,3,0,0
BRDA:78,3,1,0
BRDA:83,4,0,0
BRDA:83,4,1,0
BRDA:82,5,0,0
BRDA:82,5,1,0
BRDA:87,6,0,0
BRDA:87,6,1,0
BRDA:86,7,0,0
BRDA:86,7,1,0
BRDA:91,8,0,0
BRDA:91,8,1,0
BRDA:90,9,0,0
BRDA:90,9,1,0
BRDA:95,10,0,0
BRDA:95,10,1,0
BRDA:94,11,0,0
BRDA:94,11,1,0
BRDA:99,12,0,0
BRDA:99,12,1,0
BRDA:98,13,0,0
BRDA:98,13,1,0
BRDA:103,14,0,0
BRDA:103,14,1,0
BRDA:102,15,0,0
BRDA:102,15,1,0
BRF:32
BRH:0
end_of_record
TN:
SF:/Users/luong.mai/MWD-WORK/TRAINING/ANGULAR_8_TRAINING/Source/mwd-swatang-fe/src/app/features/authentication/login/login.component.ts
FN:16,(anonymous_3)
FN:29,(anonymous_4)
FN:40,(anonymous_5)
FN:44,(anonymous_6)
FN:57,(anonymous_7)
FN:60,(anonymous_8)
FNF:6
FNH:1
FNDA:1,(anonymous_3)
FNDA:0,(anonymous_4)
FNDA:0,(anonymous_5)
FNDA:0,(anonymous_6)
FNDA:0,(anonymous_7)
FNDA:0,(anonymous_8)
DA:10,1
DA:12,1
DA:13,1
DA:17,1
DA:18,1
DA:19,1
DA:20,1
DA:21,1
DA:24,1
DA:25,1
DA:30,0
DA:36,0
DA:41,0
DA:45,0
DA:48,0
DA:49,0
DA:52,0
DA:53,0
DA:58,0
DA:61,0
DA:62,0
LF:21
LH:10
BRDA:24,0,0,1
BRDA:24,0,1,0
BRDA:36,1,0,0
BRDA:36,1,1,0
BRDA:48,2,0,0
BRDA:48,2,1,0
BRF:6
BRH:1
end_of_record
TN:
SF:/Users/luong.mai/MWD-WORK/TRAINING/ANGULAR_8_TRAINING/Source/mwd-swatang-fe/src/app/shared/index.ts
FNF:0
FNH:0
LF:0
LH:0
BRF:0
BRH:0
end_of_record
TN:
SF:/Users/luong.mai/MWD-WORK/TRAINING/ANGULAR_8_TRAINING/Source/mwd-swatang-fe/src/app/shared/shared.module.ts
FNF:0
FNH:0
DA:42,1
LF:1
LH:1
BRF:0
BRH:0
end_of_record
TN:
SF:/Users/luong.mai/MWD-WORK/TRAINING/ANGULAR_8_TRAINING/Source/mwd-swatang-fe/src/app/shared/components/alert/alert.component.ts
FN:25,(anonymous_3)
FN:30,(anonymous_4)
FN:36,(anonymous_5)
FN:50,(anonymous_6)
FNF:4
FNH:4
FNDA:2,(anonymous_3)
FNDA:2,(anonymous_4)
FNDA:2,(anonymous_5)
FNDA:2,(anonymous_6)
DA:16,1
DA:20,2
DA:21,2
DA:22,2
DA:23,2
DA:26,2
DA:27,2
DA:31,2
DA:32,2
DA:33,2
DA:34,2
DA:36,2
DA:37,2
DA:38,2
DA:39,0
DA:40,0
DA:41,0
DA:42,0
DA:43,0
DA:45,0
DA:51,2
LF:21
LH:15
BRDA:34,0,0,2
BRDA:34,0,1,0
BRDA:38,1,0,0
BRDA:38,1,1,2
BRDA:39,2,0,0
BRDA:39,2,1,0
BRDA:42,3,0,0
BRDA:42,3,1,0
BRF:8
BRH:2
end_of_record
TN:
SF:/Users/luong.mai/MWD-WORK/TRAINING/ANGULAR_8_TRAINING/Source/mwd-swatang-fe/src/app/shared/components/change-language/change-language.component.ts
FN:25,(anonymous_5)
FN:27,(anonymous_6)
FN:31,(anonymous_7)
FNF:3
FNH:2
FNDA:2,(anonymous_5)
FNDA:2,(anonymous_6)
FNDA:0,(anonymous_7)
DA:15,1
DA:16,2
DA:23,3
DA:25,2
DA:28,2
DA:32,0
LF:6
LH:5
BRF:0
BRH:0
end_of_record
TN:
SF:/Users/luong.mai/MWD-WORK/TRAINING/ANGULAR_8_TRAINING/Source/mwd-swatang-fe/src/app/shared/components/change-theme/change-theme.component.ts
FN:19,(anonymous_3)
FN:21,(anonymous_4)
FN:23,(anonymous_5)
FNF:3
FNH:2
FNDA:2,(anonymous_3)
FNDA:2,(anonymous_4)
FNDA:0,(anonymous_5)
DA:9,1
DA:10,2
DA:15,2
DA:17,3
DA:19,2
DA:24,0
DA:25,0
DA:28,0
LF:8
LH:5
BRF:0
BRH:0
end_of_record
TN:
SF:/Users/luong.mai/MWD-WORK/TRAINING/ANGULAR_8_TRAINING/Source/mwd-swatang-fe/src/app/shared/components/input/input.component.ts
FN:8,(anonymous_3)
FN:12,(anonymous_4)
FN:16,(anonymous_5)
FN:36,(anonymous_6)
FN:40,(anonymous_7)
FN:47,(anonymous_8)
FN:51,(anonymous_9)
FN:57,(anonymous_10)
FN:61,(anonymous_11)
FN:65,(anonymous_12)
FNF:10
FNH:2
FNDA:0,(anonymous_3)
FNDA:1,(anonymous_4)
FNDA:2,(anonymous_5)
FNDA:0,(anonymous_6)
FNDA:0,(anonymous_7)
FNDA:0,(anonymous_8)
FNDA:0,(anonymous_9)
FNDA:0,(anonymous_10)
FNDA:0,(anonymous_11)
FNDA:0,(anonymous_12)
DA:8,1
DA:10,1
DA:12,1
DA:22,1
DA:23,3
DA:24,1
DA:25,3
DA:26,3
DA:27,1
DA:28,3
DA:29,3
DA:31,2
DA:33,2
DA:34,2
DA:37,0
DA:41,0
DA:42,0
DA:43,0
DA:48,0
DA:52,0
DA:53,0
DA:58,0
DA:62,0
DA:66,0
DA:67,0
DA:68,0
DA:71,0
LF:27
LH:14
BRDA:41,0,0,0
BRDA:41,0,1,0
BRDA:52,1,0,0
BRDA:52,1,1,0
BRDA:67,2,0,0
BRDA:67,2,1,0
BRF:6
BRH:0
end_of_record
TN:
SF:/Users/luong.mai/MWD-WORK/TRAINING/ANGULAR_8_TRAINING/Source/mwd-swatang-fe/src/app/shared/components/loading/loading.component.ts
FN:3,(anonymous_3)
FNF:1
FNH:1
FNDA:1,(anonymous_3)
DA:8,1
DA:10,2
LF:2
LH:2
BRF:0
BRH:0
end_of_record
TN:
SF:/Users/luong.mai/MWD-WORK/TRAINING/ANGULAR_8_TRAINING/Source/mwd-swatang-fe/src/app/shared/components/table-basic-responsive/table-basic-responsive.component.ts
FN:33,(anonymous_3)
FN:35,(anonymous_4)
FNF:2
FNH:0
FNDA:0,(anonymous_3)
FNDA:0,(anonymous_4)
DA:9,1
DA:10,0
DA:11,0
DA:14,1
DA:17,1
DA:36,0
DA:37,0
LF:7
LH:3
BRF:0
BRH:0
end_of_record
TN:
SF:/Users/luong.mai/MWD-WORK/TRAINING/ANGULAR_8_TRAINING/Source/mwd-swatang-fe/src/app/shared/components/validation-messages/validation-messages.component.ts
FN:14,(anonymous_3)
FN:16,(anonymous_4)
FN:18,(anonymous_5)
FNF:3
FNH:0
FNDA:0,(anonymous_3)
FNDA:0,(anonymous_4)
FNDA:0,(anonymous_5)
DA:10,1
DA:11,1
DA:12,1
DA:14,0
DA:19,0
LF:5
LH:3
BRF:0
BRH:0
end_of_record
TN:
SF:/Users/luong.mai/MWD-WORK/TRAINING/ANGULAR_8_TRAINING/Source/mwd-swatang-fe/src/app/shared/constants/constants.ts
FNF:0
FNH:0
DA:2,1
LF:1
LH:1
BRF:0
BRH:0
end_of_record
TN:
SF:/Users/luong.mai/MWD-WORK/TRAINING/ANGULAR_8_TRAINING/Source/mwd-swatang-fe/src/app/shared/constants/enum.ts
FN:1,(anonymous_1)
FNF:1
FNH:1
FNDA:1,(anonymous_1)
DA:1,1
DA:2,1
DA:3,1
DA:4,1
LF:4
LH:4
BRDA:1,0,0,1
BRDA:1,0,1,1
BRF:2
BRH:2
end_of_record
TN:
SF:/Users/luong.mai/MWD-WORK/TRAINING/ANGULAR_8_TRAINING/Source/mwd-swatang-fe/src/app/shared/constants/index.ts
FNF:0
FNH:0
LF:0
LH:0
BRF:0
BRH:0
end_of_record
TN:
SF:/Users/luong.mai/MWD-WORK/TRAINING/ANGULAR_8_TRAINING/Source/mwd-swatang-fe/src/app/shared/testing/async-observable-helpers.ts
FN:17,asyncData
FN:18,(anonymous_2)
FN:24,asyncError
FN:25,(anonymous_4)
FNF:4
FNH:1
FNDA:1,asyncData
FNDA:0,(anonymous_2)
FNDA:0,asyncError
FNDA:0,(anonymous_4)
DA:18,1
DA:25,0
LF:2
LH:1
BRF:0
BRH:0
end_of_record
TN:
SF:/Users/luong.mai/MWD-WORK/TRAINING/ANGULAR_8_TRAINING/Source/mwd-swatang-fe/src/app/shared/testing/index.ts
FNF:0
FNH:0
LF:0
LH:0
BRF:0
BRH:0
end_of_record
TN:
SF:/Users/luong.mai/MWD-WORK/TRAINING/ANGULAR_8_TRAINING/Source/mwd-swatang-fe/src/app/shared/validation/field-spec.ts
FN:3,finalizeValidationResult
FN:7,(anonymous_2)
FN:30,(anonymous_3)
FN:49,(anonymous_4)
FN:53,(anonymous_5)
FN:64,(anonymous_6)
FN:78,(anonymous_7)
FN:92,(anonymous_8)
FN:105,(anonymous_9)
FN:127,(anonymous_10)
FN:140,(anonymous_11)
FN:158,(anonymous_12)
FNF:12
FNH:0
FNDA:0,finalizeValidationResult
FNDA:0,(anonymous_2)
FNDA:0,(anonymous_3)
FNDA:0,(anonymous_4)
FNDA:0,(anonymous_5)
FNDA:0,(anonymous_6)
FNDA:0,(anonymous_7)
FNDA:0,(anonymous_8)
FNDA:0,(anonymous_9)
FNDA:0,(anonymous_10)
FNDA:0,(anonymous_11)
FNDA:0,(anonymous_12)
DA:6,0
DA:7,0
DA:8,0
DA:9,0
DA:12,0
DA:13,0
DA:15,0
DA:18,1
DA:19,1
DA:20,1
DA:21,1
DA:22,1
DA:23,1
DA:24,1
DA:25,1
DA:26,1
DA:27,1
DA:33,0
DA:35,0
DA:36,0
DA:37,0
DA:39,0
DA:40,0
DA:42,0
DA:53,0
DA:54,0
DA:55,0
DA:56,0
DA:58,0
DA:59,0
DA:60,0
DA:67,0
DA:69,0
DA:70,0
DA:72,0
DA:73,0
DA:75,0
DA:81,0
DA:83,0
DA:84,0
DA:86,0
DA:87,0
DA:89,0
DA:95,0
DA:96,0
DA:97,0
DA:99,0
DA:100,0
DA:102,0
DA:108,0
DA:109,0
DA:110,0
DA:111,0
DA:114,0
DA:116,0
DA:117,0
DA:119,0
DA:130,0
DA:131,0
DA:132,0
DA:134,0
DA:135,0
DA:137,0
DA:143,0
DA:145,0
DA:147,0
DA:149,0
DA:150,0
DA:152,0
DA:161,0
DA:163,0
DA:164,0
DA:166,0
DA:167,0
DA:169,0
LF:75
LH:10
BRDA:8,0,0,0
BRDA:8,0,1,0
BRDA:12,1,0,0
BRDA:12,1,1,0
BRDA:39,2,0,0
BRDA:39,2,1,0
BRDA:51,3,0,0
BRDA:55,4,0,0
BRDA:55,4,1,0
BRDA:72,5,0,0
BRDA:72,5,1,0
BRDA:86,6,0,0
BRDA:86,6,1,0
BRDA:99,7,0,0
BRDA:99,7,1,0
BRDA:116,8,0,0
BRDA:116,8,1,0
BRDA:134,9,0,0
BRDA:134,9,1,0
BRDA:149,10,0,0
BRDA:149,10,1,0
BRDA:166,11,0,0
BRDA:166,11,1,0
BRF:23
BRH:0
end_of_record
TN:
SF:/Users/luong.mai/MWD-WORK/TRAINING/ANGULAR_8_TRAINING/Source/mwd-swatang-fe/src/app/shared/validation/field-validator.ts
FN:4,(anonymous_1)
FN:6,(anonymous_2)
FN:7,(anonymous_3)
FN:17,(anonymous_4)
FN:18,(anonymous_5)
FN:27,(anonymous_6)
FN:28,(anonymous_7)
FN:37,(anonymous_8)
FN:38,(anonymous_9)
FN:49,(anonymous_10)
FN:53,(anonymous_11)
FNF:11
FNH:0
FNDA:0,(anonymous_1)
FNDA:0,(anonymous_2)
FNDA:0,(anonymous_3)
FNDA:0,(anonymous_4)
FNDA:0,(anonymous_5)
FNDA:0,(anonymous_6)
FNDA:0,(anonymous_7)
FNDA:0,(anonymous_8)
FNDA:0,(anonymous_9)
FNDA:0,(anonymous_10)
FNDA:0,(anonymous_11)
DA:7,0
DA:8,0
DA:9,0
DA:10,0
DA:12,0
DA:18,0
DA:19,0
DA:20,0
DA:21,0
DA:28,0
DA:29,0
DA:30,0
DA:31,0
DA:38,0
DA:39,0
DA:40,0
DA:41,0
DA:42,0
DA:43,0
DA:45,0
DA:50,0
DA:54,0
LF:22
LH:0
BRDA:9,0,0,0
BRDA:9,0,1,0
BRDA:9,1,0,0
BRDA:9,1,1,0
BRDA:9,1,2,0
BRDA:22,2,0,0
BRDA:22,2,1,0
BRDA:32,3,0,0
BRDA:32,3,1,0
BRDA:42,4,0,0
BRDA:42,4,1,0
BRDA:45,5,0,0
BRDA:45,5,1,0
BRF:13
BRH:0
end_of_record
TN:
SF:/Users/luong.mai/MWD-WORK/TRAINING/ANGULAR_8_TRAINING/Source/mwd-swatang-fe/src/app/shared/validation/index.ts
FNF:0
FNH:0
LF:0
LH:0
BRF:0
BRH:0
end_of_record
TN:
SF:/Users/luong.mai/MWD-WORK/TRAINING/ANGULAR_8_TRAINING/Source/mwd-swatang-fe/src/app/shared/validation/validation.service.ts
FN:4,(anonymous_2)
FN:31,(anonymous_3)
FN:41,(anonymous_4)
FNF:3
FNH:0
FNDA:0,(anonymous_2)
FNDA:0,(anonymous_3)
FNDA:0,(anonymous_4)
DA:5,1
DA:6,0
DA:32,0
DA:33,0
DA:35,0
DA:45,0
DA:46,0
DA:47,0
DA:48,0
DA:49,0
DA:52,0
LF:11
LH:1
BRDA:32,0,0,0
BRDA:32,0,1,0
BRDA:32,1,0,0
BRDA:32,1,1,0
BRDA:36,2,0,0
BRDA:36,2,1,0
BRDA:47,3,0,0
BRDA:47,3,1,0
BRDA:47,4,0,0
BRDA:47,4,1,0
BRF:10
BRH:0
end_of_record
